# JRE version: OpenJDK Runtime Environment (8.0_131-b11) (build 1.8.0_131-8u131-b11-0ubuntu1.16.04.2-b11)
# Java VM: OpenJDK 64-Bit Server VM (25.131-b11 mixed mode linux-amd64 compressed oops)
Heap:
 PSYoungGen      total 132096K, used 5098K [0x00000000d6d00000, 0x00000000df300000, 0x0000000100000000)
  eden space 126976K, 0% used [0x00000000d6d00000,0x00000000d6d00000,0x00000000de900000)
  from space 5120K, 99% used [0x00000000de900000,0x00000000dedfab58,0x00000000dee00000)
  to   space 5120K, 0% used [0x00000000dee00000,0x00000000dee00000,0x00000000df300000)
 ParOldGen       total 56320K, used 15106K [0x0000000084600000, 0x0000000087d00000, 0x00000000d6d00000)
  object space 56320K, 26% used [0x0000000084600000,0x00000000854c0b08,0x0000000087d00000)
 Metaspace       used 30306K, capacity 30834K, committed 31232K, reserved 1077248K
  class space    used 4081K, capacity 4260K, committed 4352K, reserved 1048576K
GC Heap History (10 events):
Event: 5.251 GC heap after
Heap after GC invocations=1 (full 0):
 PSYoungGen      total 36864K, used 4945K [0x00000000d6d00000, 0x00000000db500000, 0x0000000100000000)
  eden space 31744K, 0% used [0x00000000d6d00000,0x00000000d6d00000,0x00000000d8c00000)
  from space 5120K, 96% used [0x00000000d8c00000,0x00000000d90d4508,0x00000000d9100000)
  to   space 5120K, 0% used [0x00000000db000000,0x00000000db000000,0x00000000db500000)
 ParOldGen       total 84992K, used 8K [0x0000000084600000, 0x0000000089900000, 0x00000000d6d00000)
  object space 84992K, 0% used [0x0000000084600000,0x0000000084602000,0x0000000089900000)
 Metaspace       used 8260K, capacity 8480K, committed 8576K, reserved 1056768K
  class space    used 1063K, capacity 1120K, committed 1152K, reserved 1048576K
}
Event: 6.985 GC heap before
{Heap before GC invocations=2 (full 0):
 PSYoungGen      total 36864K, used 36689K [0x00000000d6d00000, 0x00000000db500000, 0x0000000100000000)
  eden space 31744K, 100% used [0x00000000d6d00000,0x00000000d8c00000,0x00000000d8c00000)
  from space 5120K, 96% used [0x00000000d8c00000,0x00000000d90d4508,0x00000000d9100000)
  to   space 5120K, 0% used [0x00000000db000000,0x00000000db000000,0x00000000db500000)
 ParOldGen       total 84992K, used 8K [0x0000000084600000, 0x0000000089900000, 0x00000000d6d00000)
  object space 84992K, 0% used [0x0000000084600000,0x0000000084602000,0x0000000089900000)
 Metaspace       used 10238K, capacity 10488K, committed 10752K, reserved 1058816K
  class space    used 1381K, capacity 1448K, committed 1536K, reserved 1048576K
Event: 7.015 GC heap after
Heap after GC invocations=2 (full 0):
 PSYoungGen      total 68608K, used 4598K [0x00000000d6d00000, 0x00000000db500000, 0x0000000100000000)
  eden space 63488K, 0% used [0x00000000d6d00000,0x00000000d6d00000,0x00000000dab00000)
  from space 5120K, 89% used [0x00000000db000000,0x00000000db47daf0,0x00000000db500000)
  to   space 5120K, 0% used [0x00000000dab00000,0x00000000dab00000,0x00000000db000000)
 ParOldGen       total 84992K, used 16K [0x0000000084600000, 0x0000000089900000, 0x00000000d6d00000)
  object space 84992K, 0% used [0x0000000084600000,0x0000000084604000,0x0000000089900000)
 Metaspace       used 10238K, capacity 10488K, committed 10752K, reserved 1058816K
  class space    used 1381K, capacity 1448K, committed 1536K, reserved 1048576K
}
Event: 14.249 GC heap before
{Heap before GC invocations=3 (full 0):
 PSYoungGen      total 68608K, used 68086K [0x00000000d6d00000, 0x00000000db500000, 0x0000000100000000)
  eden space 63488K, 100% used [0x00000000d6d00000,0x00000000dab00000,0x00000000dab00000)
  from space 5120K, 89% used [0x00000000db000000,0x00000000db47daf0,0x00000000db500000)
  to   space 5120K, 0% used [0x00000000dab00000,0x00000000dab00000,0x00000000db000000)
 ParOldGen       total 84992K, used 16K [0x0000000084600000, 0x0000000089900000, 0x00000000d6d00000)
  object space 84992K, 0% used [0x0000000084600000,0x0000000084604000,0x0000000089900000)
 Metaspace       used 19084K, capacity 19332K, committed 19584K, reserved 1067008K
  class space    used 2520K, capacity 2603K, committed 2688K, reserved 1048576K
Event: 14.293 GC heap after
Heap after GC invocations=3 (full 0):
 PSYoungGen      total 68608K, used 5104K [0x00000000d6d00000, 0x00000000df300000, 0x0000000100000000)
  eden space 63488K, 0% used [0x00000000d6d00000,0x00000000d6d00000,0x00000000dab00000)
  from space 5120K, 99% used [0x00000000dab00000,0x00000000daffc030,0x00000000db000000)
  to   space 5120K, 0% used [0x00000000dee00000,0x00000000dee00000,0x00000000df300000)
 ParOldGen       total 84992K, used 6950K [0x0000000084600000, 0x0000000089900000, 0x00000000d6d00000)
  object space 84992K, 8% used [0x0000000084600000,0x0000000084cc9820,0x0000000089900000)
 Metaspace       used 19084K, capacity 19332K, committed 19584K, reserved 1067008K
  class space    used 2520K, capacity 2603K, committed 2688K, reserved 1048576K
}
Event: 15.391 GC heap before
{Heap before GC invocations=4 (full 0):
 PSYoungGen      total 68608K, used 28391K [0x00000000d6d00000, 0x00000000df300000, 0x0000000100000000)
  eden space 63488K, 36% used [0x00000000d6d00000,0x00000000d83bde08,0x00000000dab00000)
  from space 5120K, 99% used [0x00000000dab00000,0x00000000daffc030,0x00000000db000000)
  to   space 5120K, 0% used [0x00000000dee00000,0x00000000dee00000,0x00000000df300000)
 ParOldGen       total 84992K, used 6950K [0x0000000084600000, 0x0000000089900000, 0x00000000d6d00000)
  object space 84992K, 8% used [0x0000000084600000,0x0000000084cc9820,0x0000000089900000)
 Metaspace       used 20920K, capacity 21132K, committed 21296K, reserved 1067008K
  class space    used 2813K, capacity 2901K, committed 2944K, reserved 1048576K
Event: 15.412 GC heap after
Heap after GC invocations=4 (full 0):
 PSYoungGen      total 132096K, used 5092K [0x00000000d6d00000, 0x00000000df300000, 0x0000000100000000)
  eden space 126976K, 0% used [0x00000000d6d00000,0x00000000d6d00000,0x00000000de900000)
  from space 5120K, 99% used [0x00000000dee00000,0x00000000df2f9070,0x00000000df300000)
  to   space 5120K, 0% used [0x00000000de900000,0x00000000de900000,0x00000000dee00000)
 ParOldGen       total 84992K, used 9355K [0x0000000084600000, 0x0000000089900000, 0x00000000d6d00000)
  object space 84992K, 11% used [0x0000000084600000,0x0000000084f22f90,0x0000000089900000)
 Metaspace       used 20920K, capacity 21132K, committed 21296K, reserved 1067008K
  class space    used 2813K, capacity 2901K, committed 2944K, reserved 1048576K
}
Event: 15.412 GC heap before
{Heap before GC invocations=5 (full 1):
 PSYoungGen      total 132096K, used 5092K [0x00000000d6d00000, 0x00000000df300000, 0x0000000100000000)
  eden space 126976K, 0% used [0x00000000d6d00000,0x00000000d6d00000,0x00000000de900000)
  from space 5120K, 99% used [0x00000000dee00000,0x00000000df2f9070,0x00000000df300000)
  to   space 5120K, 0% used [0x00000000de900000,0x00000000de900000,0x00000000dee00000)
 ParOldGen       total 84992K, used 9355K [0x0000000084600000, 0x0000000089900000, 0x00000000d6d00000)
  object space 84992K, 11% used [0x0000000084600000,0x0000000084f22f90,0x0000000089900000)
 Metaspace       used 20920K, capacity 21132K, committed 21296K, reserved 1067008K
  class space    used 2813K, capacity 2901K, committed 2944K, reserved 1048576K
Event: 15.495 GC heap after
Heap after GC invocations=5 (full 1):
 PSYoungGen      total 132096K, used 0K [0x00000000d6d00000, 0x00000000df300000, 0x0000000100000000)
  eden space 126976K, 0% used [0x00000000d6d00000,0x00000000d6d00000,0x00000000de900000)
  from space 5120K, 0% used [0x00000000dee00000,0x00000000dee00000,0x00000000df300000)
  to   space 5120K, 0% used [0x00000000de900000,0x00000000de900000,0x00000000dee00000)
 ParOldGen       total 56320K, used 8917K [0x0000000084600000, 0x0000000087d00000, 0x00000000d6d00000)
  object space 56320K, 15% used [0x0000000084600000,0x0000000084eb5590,0x0000000087d00000)
 Metaspace       used 20920K, capacity 21132K, committed 21296K, reserved 1067008K
  class space    used 2813K, capacity 2901K, committed 2944K, reserved 1048576K
}
Event: 97.920 GC heap before
{Heap before GC invocations=6 (full 1):
 PSYoungGen      total 132096K, used 126976K [0x00000000d6d00000, 0x00000000df300000, 0x0000000100000000)
  eden space 126976K, 100% used [0x00000000d6d00000,0x00000000de900000,0x00000000de900000)
  from space 5120K, 0% used [0x00000000dee00000,0x00000000dee00000,0x00000000df300000)
  to   space 5120K, 0% used [0x00000000de900000,0x00000000de900000,0x00000000dee00000)
 ParOldGen       total 56320K, used 8917K [0x0000000084600000, 0x0000000087d00000, 0x00000000d6d00000)
  object space 56320K, 15% used [0x0000000084600000,0x0000000084eb5590,0x0000000087d00000)
 Metaspace       used 30306K, capacity 30834K, committed 31232K, reserved 1077248K
  class space    used 4081K, capacity 4260K, committed 4352K, reserved 1048576K

